#
# There is insufficient memory for the Java Runtime Environment to continue.
# Native memory allocation (malloc) failed to allocate 1048576 bytes for AllocateHeap
# Possible reasons:
#   The system is out of physical RAM or swap space
#   In 32 bit mode, the process size limit was hit
# Possible solutions:
#   Reduce memory load on the system
#   Increase physical memory or swap space
#   Check if swap backing store is full
#   Use 64 bit Java on a 64 bit OS
#   Decrease Java heap size (-Xmx/-Xms)
#   Decrease number of Java threads
#   Decrease Java thread stack sizes (-Xss)
#   Set larger code cache with -XX:ReservedCodeCacheSize=
# This output file may be truncated or incomplete.
#
#  Out of Memory Error (memory/allocation.inline.hpp:61), pid=19588, tid=0x0000000000002ea8
#
# JRE version:  (8.0_181-b13) (build )
# Java VM: Java HotSpot(TM) 64-Bit Server VM (25.181-b13 mixed mode windows-amd64 compressed oops)
# Failed to write core dump. Minidumps are not enabled by default on client versions of Windows
#

---------------  T H R E A D  ---------------

Current thread (0x0000000002482800):  JavaThread "Unknown thread" [_thread_in_vm, id=11944, stack(0x0000000002340000,0x0000000002440000)]

Stack: [0x0000000002340000,0x0000000002440000]
[error occurred during error reporting (printing stack bounds), id 0xc0000005]

Native frames: (J=compiled Java code, j=interpreted, Vv=VM code, C=native code)


---------------  P R O C E S S  ---------------

Java Threads: ( => current thread )

Other Threads:

=>0x0000000002482800 (exited) JavaThread "Unknown thread" [_thread_in_vm, id=11944, stack(0x0000000002340000,0x0000000002440000)]

VM state:not at safepoint (normal execution)

VM Mutex/Monitor currently owned by a thread: None

Heap:
 PSYoungGen      total 76288K, used 1310K [0x000000076af80000, 0x0000000770480000, 0x00000007c0000000)
  eden space 65536K, 2% used [0x000000076af80000,0x000000076b0c7af0,0x000000076ef80000)
  from space 10752K, 0% used [0x000000076fa00000,0x000000076fa00000,0x0000000770480000)
  to   space 10752K, 0% used [0x000000076ef80000,0x000000076ef80000,0x000000076fa00000)
 ParOldGen       total 175104K, used 0K [0x00000006c0e00000, 0x00000006cb900000, 0x000000076af80000)
  object space 175104K, 0% used [0x00000006c0e00000,0x00000006c0e00000,0x00000006cb900000)
 Metaspace       used 751K, capacity 4480K, committed 4480K, reserved 1056768K
  class space    used 76K, capacity 384K, committed 384K, reserved 1048576K

Card table byte_map: [0x0000000011940000,0x0000000012140000] byte_map_base: 0x000000000e339000

Marking Bits: (ParMarkBitMap*) 0x0000000074442d00
 Begin Bits: [0x0000000012aa0000, 0x0000000016a68000)
 End Bits:   [0x0000000016a68000, 0x000000001aa30000)

Polling page: 0x0000000000a50000

CodeCache: size=245760Kb used=328Kb max_used=328Kb free=245431Kb
 bounds [0x0000000002580000, 0x00000000027f0000, 0x0000000011580000]
 total_blobs=58 nmethods=0 adapters=38
 compilation: enabled

Compilation events (0 events):
No events

GC Heap History (0 events):
No events

Deoptimization events (0 events):
No events

Classes redefined (0 events):
No events

Internal exceptions (0 events):
No events

Events (10 events):
Event: 0.028 loading class java/lang/Short
Event: 0.028 loading class java/lang/Short done
Event: 0.028 loading class java/lang/Integer
Event: 0.029 loading class java/lang/Integer done
Event: 0.029 loading class java/lang/Long
Event: 0.029 loading class java/lang/Long done
Event: 0.029 loading class java/lang/NullPointerException
Event: 0.029 loading class java/lang/NullPointerException done
Event: 0.029 loading class java/lang/ArithmeticException
Event: 0.029 loading class java/lang/ArithmeticException done


Dynamic libraries:
0x00007ff750d50000 - 0x00007ff750d87000 	C:\Program Files\Java\jre1.8.0_181\bin\javaw.exe
0x00007ffef8400000 - 0x00007ffef85e1000 	C:\WINDOWS\SYSTEM32\ntdll.dll
0x00007ffef7fd0000 - 0x00007ffef8082000 	C:\WINDOWS\System32\KERNEL32.DLL
0x00007ffef48d0000 - 0x00007ffef4b43000 	C:\WINDOWS\System32\KERNELBASE.dll
0x00007ffef7e50000 - 0x00007ffef7ef1000 	C:\WINDOWS\System32\ADVAPI32.dll
0x00007ffef6520000 - 0x00007ffef65be000 	C:\WINDOWS\System32\msvcrt.dll
0x00007ffef5d60000 - 0x00007ffef5dbb000 	C:\WINDOWS\System32\sechost.dll
0x00007ffef5ae0000 - 0x00007ffef5c04000 	C:\WINDOWS\System32\RPCRT4.dll
0x00007ffef5890000 - 0x00007ffef5a20000 	C:\WINDOWS\System32\USER32.dll
0x00007ffef4830000 - 0x00007ffef4850000 	C:\WINDOWS\System32\win32u.dll
0x00007ffef5d20000 - 0x00007ffef5d48000 	C:\WINDOWS\System32\GDI32.dll
0x00007ffef56f0000 - 0x00007ffef5882000 	C:\WINDOWS\System32\gdi32full.dll
0x00007ffef4f40000 - 0x00007ffef4fdf000 	C:\WINDOWS\System32\msvcp_win.dll
0x00007ffef4d40000 - 0x00007ffef4e38000 	C:\WINDOWS\System32\ucrtbase.dll
0x00007ffedc170000 - 0x00007ffedc3d9000 	C:\WINDOWS\WinSxS\amd64_microsoft.windows.common-controls_6595b64144ccf1df_6.0.17134.648_none_fb45a0e93062a6d2\COMCTL32.dll
0x00007ffef80a0000 - 0x00007ffef83c2000 	C:\WINDOWS\System32\combase.dll
0x00007ffef4850000 - 0x00007ffef48ca000 	C:\WINDOWS\System32\bcryptPrimitives.dll
0x00007ffef5dc0000 - 0x00007ffef5ded000 	C:\WINDOWS\System32\IMM32.DLL
0x0000000073910000 - 0x00000000739e2000 	C:\Program Files\Java\jre1.8.0_181\bin\msvcr100.dll
0x0000000073c20000 - 0x00000000744c2000 	C:\Program Files\Java\jre1.8.0_181\bin\server\jvm.dll
0x00007ffef5d50000 - 0x00007ffef5d58000 	C:\WINDOWS\System32\PSAPI.DLL
0x00007ffef26b0000 - 0x00007ffef26d3000 	C:\WINDOWS\SYSTEM32\WINMM.dll
0x00007ffeef600000 - 0x00007ffeef60a000 	C:\WINDOWS\SYSTEM32\VERSION.dll
0x00007ffeddc00000 - 0x00007ffeddc09000 	C:\WINDOWS\SYSTEM32\WSOCK32.dll
0x00007ffef65e0000 - 0x00007ffef664c000 	C:\WINDOWS\System32\WS2_32.dll
0x00007ffef2650000 - 0x00007ffef267a000 	C:\WINDOWS\SYSTEM32\WINMMBASE.dll
0x00007ffef4e40000 - 0x00007ffef4e89000 	C:\WINDOWS\System32\cfgmgr32.dll
0x0000000073c10000 - 0x0000000073c1f000 	C:\Program Files\Java\jre1.8.0_181\bin\verify.dll
0x0000000073be0000 - 0x0000000073c09000 	C:\Program Files\Java\jre1.8.0_181\bin\java.dll
0x0000000073bc0000 - 0x0000000073bd6000 	C:\Program Files\Java\jre1.8.0_181\bin\zip.dll

VM Arguments:
jvm_args: -Dfile.encoding=Cp1252 
java_command: Problem5
java_class_path (initial): Z:\Dev\CSCI3200Assignment6\bin
Launcher Type: SUN_STANDARD

Environment Variables:
PATH=C:/Program Files/Java/jre1.8.0_181/bin/server;C:/Program Files/Java/jre1.8.0_181/bin;C:/Program Files/Java/jre1.8.0_181/lib/amd64;C:\Program Files (x86)\Common Files\Oracle\Java\javapath;C:\Program Files (x86)\Razer Chroma SDK\bin;C:\Program Files\Razer Chroma SDK\bin;C:\ProgramData\Oracle\Java\javapath;"C:\Program Files\Java\jdk1.8.0_31\bin";C:\WINDOWS\system32;C:\WINDOWS;C:\WINDOWS\System32\Wbem;C:\WINDOWS\System32\WindowsPowerShell\v1.0\;C:\Users\kerns\.dnx\bin;C:\Program Files\Microsoft DNX\Dnvm\;C:\Program Files (x86)\Windows Kits\8.1\Windows Performance Toolkit\;C:\Program Files (x86)\Windows Live\Shared;C:\Program Files (x86)\GtkSharp\2.12\bin;C:\Program Files (x86)\NVIDIA Corporation\PhysX\Common;C:\Users\Quintin\AppData\Local\Microsoft\WindowsApps;C:\WINDOWS\system32;C:\WINDOWS;C:\WINDOWS\System32\Wbem;C:\WINDOWS\System32\WindowsPowerShell\v1.0\;E:\Putty\;C:\WINDOWS\System32\OpenSSH\;C:\Program Files\Git\cmd;E:\Microsoft VS Code\bin;C:\Program Files\nodejs\;C:\Program Files\NVIDIA Corporation\NVIDIA NvDLISR;C:\Users\Quintin\AppData\Local\Programs\Python\Python36-32\Scripts\;C:\Users\Quintin\AppData\Local\Programs\Python\Python36-32\;E:\Ruby24-x64\bin;C:\Users\Quintin\AppData\Local\Microsoft\WindowsApps;E:\Microsoft VS Code\bin;C:\Users\Quintin\AppData\Local\Microsoft\WindowsApps;C:\Users\Quintin\AppData\Roaming\npm;C:\Users\Quintin\AppData\Local\GitHubDesktop\bin;E:\Eclipse\eclipse_neon;
USERNAME=Quintin
OS=Windows_NT
PROCESSOR_IDENTIFIER=Intel64 Family 6 Model 60 Stepping 3, GenuineIntel



---------------  S Y S T E M  ---------------

OS: Windows 10.0 , 64 bit Build 17134 (10.0.17134.648)

CPU:total 4 (initial active 4) (4 cores per cpu, 1 threads per core) family 6 model 60 stepping 3, cmov, cx8, fxsr, mmx, sse, sse2, sse3, ssse3, sse4.1, sse4.2, popcnt, avx, avx2, aes, clmul, erms, lzcnt, tsc, tscinvbit, bmi1, bmi2

Memory: 4k page, physical 16717540k(9141572k free), swap 25036516k(5152k free)

vm_info: Java HotSpot(TM) 64-Bit Server VM (25.181-b13) for windows-amd64 JRE (1.8.0_181-b13), built on Jul  7 2018 04:01:33 by "java_re" with MS VC++ 10.0 (VS2010)

time: Tue Apr 02 19:38:50 2019
elapsed time: 0 seconds (0d 0h 0m 0s)

